<?xml version="1.0" encoding="UTF-8"?>
<testsuite xmlns:xsi="http://www.w3.org/2001/XMLSchema-instance" xsi:noNamespaceSchemaLocation="https://maven.apache.org/surefire/maven-surefire-plugin/xsd/surefire-test-report.xsd" name="TestSuite" time="151.185" tests="6" errors="0" skipped="0" failures="2">
  <properties>
[...]
</properties>
  <testcase name="clickOnLoginButton" classname="com.uiautomation.testcases.LaunchPageTests" time="0.626"/>
  <testcase name="logintoApp" classname="com.uiautomation.testcases.LoginPageTests" time="3.638"/>
  <testcase name="addItem" classname="com.uiautomation.testcases.ItemPageTests" time="21.714">
    <failure message="no such element: Unable to locate element: {&quot;method&quot;:&quot;xpath&quot;,&quot;selector&quot;:&quot;//input[@name=&quot;title&quot;]&quot;}&#10;  (Session info: chrome=81.0.4044.122)&#10;For documentation on this error, please visit: https://www.seleniumhq.org/exceptions/no_such_element.html&#10;Build info: version: &apos;3.141.59&apos;, revision: &apos;e82be7d358&apos;, time: &apos;2018-11-14T08:17:03&apos;&#10;System info: host: &apos;LAPTOP-P7ODROTG&apos;, ip: &apos;192.168.1.75&apos;, os.name: &apos;Windows 10&apos;, os.arch: &apos;amd64&apos;, os.version: &apos;10.0&apos;, java.version: &apos;1.8.0_231&apos;&#10;Driver info: org.openqa.selenium.chrome.ChromeDriver&#10;Capabilities {acceptInsecureCerts: false, browserName: chrome, browserVersion: 81.0.4044.122, chrome: {chromedriverVersion: 81.0.4044.69 (6813546031a4b..., userDataDir: C:\Users\divya\AppData\Loca...}, goog:chromeOptions: {debuggerAddress: localhost:52112}, javascriptEnabled: true, networkConnectionEnabled: false, pageLoadStrategy: eager, platform: WINDOWS, platformName: WINDOWS, proxy: Proxy(), setWindowRect: true, strictFileInteractability: false, timeouts: {implicit: 0, pageLoad: 300000, script: 30000}, unhandledPromptBehavior: dismiss and notify, webauthn:virtualAuthenticators: true}&#10;Session ID: a236c65953c54a9aa7d381bda41090c0&#10;*** Element info: {Using=xpath, value=//input[@name=&quot;title&quot;]}" type="org.openqa.selenium.NoSuchElementException">org.openqa.selenium.NoSuchElementException: 
no such element: Unable to locate element: {"method":"xpath","selector":"//input[@name="title"]"}
  (Session info: chrome=81.0.4044.122)
For documentation on this error, please visit: https://www.seleniumhq.org/exceptions/no_such_element.html
Build info: version: '3.141.59', revision: 'e82be7d358', time: '2018-11-14T08:17:03'
System info: host: 'LAPTOP-P7ODROTG', ip: '192.168.1.75', os.name: 'Windows 10', os.arch: 'amd64', os.version: '10.0', java.version: '1.8.0_231'
Driver info: org.openqa.selenium.chrome.ChromeDriver
Capabilities {acceptInsecureCerts: false, browserName: chrome, browserVersion: 81.0.4044.122, chrome: {chromedriverVersion: 81.0.4044.69 (6813546031a4b..., userDataDir: C:\Users\divya\AppData\Loca...}, goog:chromeOptions: {debuggerAddress: localhost:52112}, javascriptEnabled: true, networkConnectionEnabled: false, pageLoadStrategy: eager, platform: WINDOWS, platformName: WINDOWS, proxy: Proxy(), setWindowRect: true, strictFileInteractability: false, timeouts: {implicit: 0, pageLoad: 300000, script: 30000}, unhandledPromptBehavior: dismiss and notify, webauthn:virtualAuthenticators: true}
Session ID: a236c65953c54a9aa7d381bda41090c0
*** Element info: {Using=xpath, value=//input[@name="title"]}
	at com.uiautomation.testcases.ItemPageTests.addItem(ItemPageTests.java:57)
</failure>
    <system-out><![CDATA[Before navigating to: 'https://freecrm.com/'
Navigated to:'https://freecrm.com/'
Trying to find Element By : By.xpath: //*[text()='Log In']
Found Element By : By.xpath: //*[text()='Log In']
Trying to click on: [[ChromeDriver: chrome on WINDOWS (a236c65953c54a9aa7d381bda41090c0)] -> xpath: //*[text()='Log In']]
Clicked on: [[ChromeDriver: chrome on WINDOWS (a236c65953c54a9aa7d381bda41090c0)] -> xpath: //*[text()='Log In']]
Trying to find Element By : By.name: email
Found Element By : By.name: email
Trying to find Element By : By.name: email
Found Element By : By.name: email
Trying to find Element By : By.name: password
Found Element By : By.name: password
Trying to find Element By : By.name: password
Found Element By : By.name: password
Trying to find Element By : By.xpath: //*[text()='Login']
Found Element By : By.xpath: //*[text()='Login']
Trying to click on: [[ChromeDriver: chrome on WINDOWS (a236c65953c54a9aa7d381bda41090c0)] -> xpath: //*[text()='Login']]
Clicked on: [[ChromeDriver: chrome on WINDOWS (a236c65953c54a9aa7d381bda41090c0)] -> xpath: //*[text()='Login']]
Trying to find Element By : By.xpath: //*[text() = 'Tasks' and @class = 'item-text']
Found Element By : By.xpath: //*[text() = 'Tasks' and @class = 'item-text']
Trying to click on: [[ChromeDriver: chrome on WINDOWS (a236c65953c54a9aa7d381bda41090c0)] -> xpath: //*[text() = 'Tasks' and @class = 'item-text']]
Clicked on: [[ChromeDriver: chrome on WINDOWS (a236c65953c54a9aa7d381bda41090c0)] -> xpath: //*[text() = 'Tasks' and @class = 'item-text']]
Trying to find Element By : By.xpath: //button[text()='New']
Found Element By : By.xpath: //button[text()='New']
Trying to click on: [[ChromeDriver: chrome on WINDOWS (a236c65953c54a9aa7d381bda41090c0)] -> xpath: //button[text()='New']]
Clicked on: [[ChromeDriver: chrome on WINDOWS (a236c65953c54a9aa7d381bda41090c0)] -> xpath: //button[text()='New']]
Trying to find Element By : By.xpath: //input[@name="title"]
]]></system-out>
    <system-err><![CDATA[Apr 25, 2020 12:49:29 PM org.openqa.selenium.remote.ProtocolHandshake createSession
INFO: Detected dialect: W3C
]]></system-err>
  </testcase>
  <testcase name="addItem" classname="com.uiautomation.testcases.ItemPageTests" time="12.639"/>
  <testcase name="addItem" classname="com.uiautomation.testcases.ItemPageTests" time="12.581"/>
  <testcase name="addItem" classname="com.uiautomation.testcases.ItemPageTests" time="21.564">
    <failure message="no such element: Unable to locate element: {&quot;method&quot;:&quot;xpath&quot;,&quot;selector&quot;:&quot;//input[@name=&quot;title&quot;]&quot;}&#10;  (Session info: chrome=81.0.4044.122)&#10;For documentation on this error, please visit: https://www.seleniumhq.org/exceptions/no_such_element.html&#10;Build info: version: &apos;3.141.59&apos;, revision: &apos;e82be7d358&apos;, time: &apos;2018-11-14T08:17:03&apos;&#10;System info: host: &apos;LAPTOP-P7ODROTG&apos;, ip: &apos;192.168.1.75&apos;, os.name: &apos;Windows 10&apos;, os.arch: &apos;amd64&apos;, os.version: &apos;10.0&apos;, java.version: &apos;1.8.0_231&apos;&#10;Driver info: org.openqa.selenium.chrome.ChromeDriver&#10;Capabilities {acceptInsecureCerts: false, browserName: chrome, browserVersion: 81.0.4044.122, chrome: {chromedriverVersion: 81.0.4044.69 (6813546031a4b..., userDataDir: C:\Users\divya\AppData\Loca...}, goog:chromeOptions: {debuggerAddress: localhost:52246}, javascriptEnabled: true, networkConnectionEnabled: false, pageLoadStrategy: eager, platform: WINDOWS, platformName: WINDOWS, proxy: Proxy(), setWindowRect: true, strictFileInteractability: false, timeouts: {implicit: 0, pageLoad: 300000, script: 30000}, unhandledPromptBehavior: dismiss and notify, webauthn:virtualAuthenticators: true}&#10;Session ID: 5b93ef3a8dde7c4484ee3015d3c0413d&#10;*** Element info: {Using=xpath, value=//input[@name=&quot;title&quot;]}" type="org.openqa.selenium.NoSuchElementException">org.openqa.selenium.NoSuchElementException: 
no such element: Unable to locate element: {"method":"xpath","selector":"//input[@name="title"]"}
  (Session info: chrome=81.0.4044.122)
For documentation on this error, please visit: https://www.seleniumhq.org/exceptions/no_such_element.html
Build info: version: '3.141.59', revision: 'e82be7d358', time: '2018-11-14T08:17:03'
System info: host: 'LAPTOP-P7ODROTG', ip: '192.168.1.75', os.name: 'Windows 10', os.arch: 'amd64', os.version: '10.0', java.version: '1.8.0_231'
Driver info: org.openqa.selenium.chrome.ChromeDriver
Capabilities {acceptInsecureCerts: false, browserName: chrome, browserVersion: 81.0.4044.122, chrome: {chromedriverVersion: 81.0.4044.69 (6813546031a4b..., userDataDir: C:\Users\divya\AppData\Loca...}, goog:chromeOptions: {debuggerAddress: localhost:52246}, javascriptEnabled: true, networkConnectionEnabled: false, pageLoadStrategy: eager, platform: WINDOWS, platformName: WINDOWS, proxy: Proxy(), setWindowRect: true, strictFileInteractability: false, timeouts: {implicit: 0, pageLoad: 300000, script: 30000}, unhandledPromptBehavior: dismiss and notify, webauthn:virtualAuthenticators: true}
Session ID: 5b93ef3a8dde7c4484ee3015d3c0413d
*** Element info: {Using=xpath, value=//input[@name="title"]}
	at com.uiautomation.testcases.ItemPageTests.addItem(ItemPageTests.java:57)
</failure>
    <system-out><![CDATA[Before navigating to: 'https://freecrm.com/'
Navigated to:'https://freecrm.com/'
Trying to find Element By : By.xpath: //*[text()='Log In']
Found Element By : By.xpath: //*[text()='Log In']
Trying to click on: [[ChromeDriver: chrome on WINDOWS (5b93ef3a8dde7c4484ee3015d3c0413d)] -> xpath: //*[text()='Log In']]
Clicked on: [[ChromeDriver: chrome on WINDOWS (5b93ef3a8dde7c4484ee3015d3c0413d)] -> xpath: //*[text()='Log In']]
Trying to find Element By : By.name: email
Found Element By : By.name: email
Trying to find Element By : By.name: email
Found Element By : By.name: email
Trying to find Element By : By.name: password
Found Element By : By.name: password
Trying to find Element By : By.name: password
Found Element By : By.name: password
Trying to find Element By : By.xpath: //*[text()='Login']
Found Element By : By.xpath: //*[text()='Login']
Trying to click on: [[ChromeDriver: chrome on WINDOWS (5b93ef3a8dde7c4484ee3015d3c0413d)] -> xpath: //*[text()='Login']]
Clicked on: [[ChromeDriver: chrome on WINDOWS (5b93ef3a8dde7c4484ee3015d3c0413d)] -> xpath: //*[text()='Login']]
Trying to find Element By : By.xpath: //*[text() = 'Tasks' and @class = 'item-text']
Found Element By : By.xpath: //*[text() = 'Tasks' and @class = 'item-text']
Trying to click on: [[ChromeDriver: chrome on WINDOWS (5b93ef3a8dde7c4484ee3015d3c0413d)] -> xpath: //*[text() = 'Tasks' and @class = 'item-text']]
Clicked on: [[ChromeDriver: chrome on WINDOWS (5b93ef3a8dde7c4484ee3015d3c0413d)] -> xpath: //*[text() = 'Tasks' and @class = 'item-text']]
Trying to find Element By : By.xpath: //button[text()='New']
Found Element By : By.xpath: //button[text()='New']
Trying to click on: [[ChromeDriver: chrome on WINDOWS (5b93ef3a8dde7c4484ee3015d3c0413d)] -> xpath: //button[text()='New']]
Clicked on: [[ChromeDriver: chrome on WINDOWS (5b93ef3a8dde7c4484ee3015d3c0413d)] -> xpath: //button[text()='New']]
Trying to find Element By : By.xpath: //input[@name="title"]
]]></system-out>
    <system-err><![CDATA[Apr 25, 2020 12:50:58 PM org.openqa.selenium.remote.ProtocolHandshake createSession
INFO: Detected dialect: W3C
]]></system-err>
  </testcase>
</testsuite>